{
  "stats": {
    "suites": 8,
    "tests": 0,
    "passes": 0,
    "pending": 0,
    "failures": 0,
    "start": "2026-07-25T21:36:32.072Z",
    "end": "2026-07-25T21:47:45.922Z",
    "duration": 673850,
    "testsRegistered": 87,
    "passPercent": 0,
    "pendingPercent": 0,
    "other": 8,
    "hasOther": true,
    "skipped": 87,
    "hasSkipped": true
  },
  "results": [
    {
      "uuid": "f017b803-bbfc-4642-8bae-3deb66d5ae82",
      "title": "",
      "fullFile": "",
      "file": "",
      "beforeHooks": [
        {
          "title": "\"before all\" hook: beforeAll in \"{root}\"",
          "fullTitle": "\"before all\" hook: beforeAll in \"{root}\"",
          "timedOut": false,
          "duration": 17,
          "state": null,
          "speed": null,
          "pass": false,
          "fail": false,
          "pending": false,
          "context": null,
          "code": "logger.info('=== ProphyDent AI Selenium Test Suite Starting ===');\nlogger.info(`App URL  : ${config.appUrl}`);\nlogger.info(`Browser  : ${config.browser}`);\nlogger.info(`Headless : ${config.headless}`);\nTestResultCollector.start();",
          "err": {},
          "uuid": "cb934264-af55-42ce-9e01-e09ed4dcdd08",
          "parentUUID": "f017b803-bbfc-4642-8bae-3deb66d5ae82",
          "isHook": true,
          "skipped": false
        }
      ],
      "afterHooks": [
        {
          "title": "\"after all\" hook: afterAll in \"{root}\"",
          "fullTitle": "\"after all\" hook: afterAll in \"{root}\"",
          "timedOut": false,
          "duration": 348,
          "state": null,
          "speed": null,
          "pass": false,
          "fail": false,
          "pending": false,
          "context": null,
          "code": "TestResultCollector.finish();\ntry {\n  await DriverManager.quitDriver();\n  logger.info('Driver cleaned up after all tests.');\n} catch (e) {\n  logger.warn(`Driver cleanup error: ${e.message}`);\n}\ntry {\n  const results = TestResultCollector.getResults();\n  const summary  = TestResultCollector.getSummary();\n  results.summary = { ...summary, totalSuites: results.suites.length };\n  await ExcelReporter.generate(results);\n} catch (e) {\n  logger.warn(`Excel report generation error: ${e.message}`);\n}\nconst summary = TestResultCollector.getSummary();\nlogger.info('=== Test Suite Complete ===');\nlogger.info(`Total: ${summary.total} | Passed: ${summary.passed} | Failed: ${summary.failed} | Skipped: ${summary.skipped}`);\nlogger.info(`Duration: ${summary.duration}s`);",
          "err": {},
          "uuid": "fd6fe192-7cf0-4d46-bf10-c7a2f994fb73",
          "parentUUID": "f017b803-bbfc-4642-8bae-3deb66d5ae82",
          "isHook": true,
          "skipped": false
        },
        {
          "title": "\"after each\" hook: afterEach",
          "fullTitle": "\"after each\" hook: afterEach",
          "timedOut": false,
          "duration": 0,
          "state": null,
          "speed": null,
          "pass": false,
          "fail": false,
          "pending": false,
          "context": null,
          "code": "if (this.currentTest && this.currentTest.state === 'failed') {\n  try {\n    const driver = await DriverManager.getDriver();\n    const testTitle = this.currentTest.fullTitle().replace(/\\s+/g, '_').slice(0, 80);\n    await ScreenshotHelper.onFailure(driver, testTitle);\n  } catch (e) {\n    logger.warn(`Could not take failure screenshot: ${e.message}`);\n  }\n}",
          "err": {},
          "uuid": "23985431-8b13-4fad-908a-3c938c4c8337",
          "parentUUID": "f017b803-bbfc-4642-8bae-3deb66d5ae82",
          "isHook": true,
          "skipped": false
        }
      ],
      "tests": [],
      "suites": [
        {
          "uuid": "7841f03f-6772-4fa8-bbec-56e7772fc603",
          "title": "01 - Onboarding Flow",
          "fullFile": "D:\\Prophydent\\project 5 (5)\\project 5\\selenium-tests\\tests\\01_onboarding.test.js",
          "file": "\\tests\\01_onboarding.test.js",
          "beforeHooks": [
            {
              "title": "\"before all\" hook in \"01 - Onboarding Flow\"",
              "fullTitle": "01 - Onboarding Flow \"before all\" hook in \"01 - Onboarding Flow\"",
              "timedOut": true,
              "duration": 62866,
              "state": "failed",
              "speed": null,
              "pass": false,
              "fail": true,
              "pending": false,
              "context": null,
              "code": "driver = await DriverManager.getDriver();\nsplashPage = new SplashPage(driver);\nwelcomePage = new WelcomePage(driver);\nrolePage = new RoleSelectionPage(driver);",
              "err": {
                "message": "Error: Timeout of 60000ms exceeded. For async tests and hooks, ensure \"done()\" is called; if returning a Promise, ensure it resolves. (D:\\Prophydent\\project 5 (5)\\project 5\\selenium-tests\\tests\\01_onboarding.test.js)",
                "estack": "Error: Timeout of 60000ms exceeded. For async tests and hooks, ensure \"done()\" is called; if returning a Promise, ensure it resolves. (D:\\Prophydent\\project 5 (5)\\project 5\\selenium-tests\\tests\\01_onboarding.test.js)\n    at listOnTimeout (node:internal/timers:605:17)\n    at process.processTimers (node:internal/timers:541:7)",
                "diff": null
              },
              "uuid": "ab029f64-c227-4b2d-a32e-053eae022859",
              "parentUUID": "7841f03f-6772-4fa8-bbec-56e7772fc603",
              "isHook": true,
              "skipped": false
            }
          ],
          "afterHooks": [],
          "tests": [],
          "suites": [
            {
              "uuid": "a2fde113-a19b-46c9-8f36-c00c8235245a",
              "title": "Splash Screen",
              "fullFile": "D:\\Prophydent\\project 5 (5)\\project 5\\selenium-tests\\tests\\01_onboarding.test.js",
              "file": "\\tests\\01_onboarding.test.js",
              "beforeHooks": [],
              "afterHooks": [],
              "tests": [
                {
                  "title": "should display the splash screen when navigating to /",
                  "fullTitle": "01 - Onboarding Flow Splash Screen should display the splash screen when navigating to /",
                  "timedOut": false,
                  "duration": 0,
                  "state": null,
                  "speed": null,
                  "pass": false,
                  "fail": false,
                  "pending": false,
                  "context": null,
                  "code": "await splashPage.open();\nawait splashPage.sleep(500);\n// The splash may redirect quickly; check URL is either / or /welcome\nconst url = await driver.getCurrentUrl();\nconst isOnSplashOrWelcome = url.includes('/welcome') || url.endsWith('/') || url.endsWith('/#/');\nexpect(isOnSplashOrWelcome).to.be.true;\nlogger.info('Splash screen test passed.');",
                  "err": {},
                  "uuid": "8818e7c3-4b02-4f4a-92ce-a1297824fe85",
                  "parentUUID": null,
                  "isHook": false,
                  "skipped": true
                },
                {
                  "title": "should automatically redirect to /welcome after splash timer",
                  "fullTitle": "01 - Onboarding Flow Splash Screen should automatically redirect to /welcome after splash timer",
                  "timedOut": false,
                  "duration": 0,
                  "state": null,
                  "speed": null,
                  "pass": false,
                  "fail": false,
                  "pending": false,
                  "context": null,
                  "code": "await splashPage.open();\nawait splashPage.waitForRedirect();\nconst url = await driver.getCurrentUrl();\nexpect(url).to.include('/welcome');\nlogger.info('Splash redirect passed.');",
                  "err": {},
                  "uuid": "14956b0d-a883-4d2e-8b29-f22cc6714a3e",
                  "parentUUID": null,
                  "isHook": false,
                  "skipped": true
                }
              ],
              "suites": [],
              "passes": [],
              "failures": [],
              "pending": [],
              "skipped": [
                "8818e7c3-4b02-4f4a-92ce-a1297824fe85",
                "14956b0d-a883-4d2e-8b29-f22cc6714a3e"
              ],
              "duration": 0,
              "root": false,
              "rootEmpty": false,
              "_timeout": 60000
            },
            {
              "uuid": "80f4fc27-43f9-4280-8639-5c16c24746ae",
              "title": "Welcome Page",
              "fullFile": "D:\\Prophydent\\project 5 (5)\\project 5\\selenium-tests\\tests\\01_onboarding.test.js",
              "file": "\\tests\\01_onboarding.test.js",
              "beforeHooks": [
                {
                  "title": "\"before each\" hook",
                  "fullTitle": "01 - Onboarding Flow Welcome Page \"before each\" hook",
                  "timedOut": false,
                  "duration": 0,
                  "state": null,
                  "speed": null,
                  "pass": false,
                  "fail": false,
                  "pending": false,
                  "context": null,
                  "code": "await welcomePage.open();",
                  "err": {},
                  "uuid": "93030096-f5f8-4533-9648-444535c2d414",
                  "parentUUID": null,
                  "isHook": true,
                  "skipped": false
                }
              ],
              "afterHooks": [],
              "tests": [
                {
                  "title": "should display the Welcome page with correct heading",
                  "fullTitle": "01 - Onboarding Flow Welcome Page should display the Welcome page with correct heading",
                  "timedOut": false,
                  "duration": 0,
                  "state": null,
                  "speed": null,
                  "pass": false,
                  "fail": false,
                  "pending": false,
                  "context": null,
                  "code": "const isVisible = await welcomePage.isVisible();\nexpect(isVisible).to.be.true;",
                  "err": {},
                  "uuid": "58308797-7e28-451a-95bf-fe2ef1d5b5e1",
                  "parentUUID": null,
                  "isHook": false,
                  "skipped": true
                },
                {
                  "title": "should display \"Welcome to ProphyDent AI\" heading",
                  "fullTitle": "01 - Onboarding Flow Welcome Page should display \"Welcome to ProphyDent AI\" heading",
                  "timedOut": false,
                  "duration": 0,
                  "state": null,
                  "speed": null,
                  "pass": false,
                  "fail": false,
                  "pending": false,
                  "context": null,
                  "code": "const heading = await welcomePage.getHeadingText();\nexpect(heading).to.include('ProphyDent AI');",
                  "err": {},
                  "uuid": "49393b6e-da53-478c-a75e-d4dc5becaa11",
                  "parentUUID": null,
                  "isHook": false,
                  "skipped": true
                },
                {
                  "title": "should display the subtitle",
                  "fullTitle": "01 - Onboarding Flow Welcome Page should display the subtitle",
                  "timedOut": false,
                  "duration": 0,
                  "state": null,
                  "speed": null,
                  "pass": false,
                  "fail": false,
                  "pending": false,
                  "context": null,
                  "code": "const subtitle = await welcomePage.getSubtitleText();\nexpect(subtitle).to.include('Precision Prevention');",
                  "err": {},
                  "uuid": "ca435bae-34af-4a33-89a8-4be8c4689f44",
                  "parentUUID": null,
                  "isHook": false,
                  "skipped": true
                },
                {
                  "title": "should display the Get Started button",
                  "fullTitle": "01 - Onboarding Flow Welcome Page should display the Get Started button",
                  "timedOut": false,
                  "duration": 0,
                  "state": null,
                  "speed": null,
                  "pass": false,
                  "fail": false,
                  "pending": false,
                  "context": null,
                  "code": "const isVisible = await welcomePage.isDisplayed(welcomePage.locators.getStartedBtn);\nexpect(isVisible).to.be.true;",
                  "err": {},
                  "uuid": "1bc13c9f-bef9-4880-ad26-c2d771bf0afa",
                  "parentUUID": null,
                  "isHook": false,
                  "skipped": true
                },
                {
                  "title": "should navigate to /role when Get Started is clicked",
                  "fullTitle": "01 - Onboarding Flow Welcome Page should navigate to /role when Get Started is clicked",
                  "timedOut": false,
                  "duration": 0,
                  "state": null,
                  "speed": null,
                  "pass": false,
                  "fail": false,
                  "pending": false,
                  "context": null,
                  "code": "await welcomePage.clickGetStarted();\nconst url = await driver.getCurrentUrl();\nexpect(url).to.include('/role');",
                  "err": {},
                  "uuid": "dbf4e8d6-b286-4418-949f-81b07d3ed586",
                  "parentUUID": null,
                  "isHook": false,
                  "skipped": true
                },
                {
                  "title": "should display the logo",
                  "fullTitle": "01 - Onboarding Flow Welcome Page should display the logo",
                  "timedOut": false,
                  "duration": 0,
                  "state": null,
                  "speed": null,
                  "pass": false,
                  "fail": false,
                  "pending": false,
                  "context": null,
                  "code": "await welcomePage.open();\nconst isVisible = await welcomePage.isLogoVisible();\nexpect(isVisible).to.be.true;",
                  "err": {},
                  "uuid": "82319579-83fd-4cc6-9f2a-97a4b2ef0a49",
                  "parentUUID": null,
                  "isHook": false,
                  "skipped": true
                }
              ],
              "suites": [],
              "passes": [],
              "failures": [],
              "pending": [],
              "skipped": [
                "58308797-7e28-451a-95bf-fe2ef1d5b5e1",
                "49393b6e-da53-478c-a75e-d4dc5becaa11",
                "ca435bae-34af-4a33-89a8-4be8c4689f44",
                "1bc13c9f-bef9-4880-ad26-c2d771bf0afa",
                "dbf4e8d6-b286-4418-949f-81b07d3ed586",
                "82319579-83fd-4cc6-9f2a-97a4b2ef0a49"
              ],
              "duration": 0,
              "root": false,
              "rootEmpty": false,
              "_timeout": 60000
            },
            {
              "uuid": "478650b4-e370-409c-906e-7a38da4deadc",
              "title": "Role Selection Page",
              "fullFile": "D:\\Prophydent\\project 5 (5)\\project 5\\selenium-tests\\tests\\01_onboarding.test.js",
              "file": "\\tests\\01_onboarding.test.js",
              "beforeHooks": [
                {
                  "title": "\"before each\" hook",
                  "fullTitle": "01 - Onboarding Flow Role Selection Page \"before each\" hook",
                  "timedOut": false,
                  "duration": 0,
                  "state": null,
                  "speed": null,
                  "pass": false,
                  "fail": false,
                  "pending": false,
                  "context": null,
                  "code": "await rolePage.open();",
                  "err": {},
                  "uuid": "08c50075-dbf4-4e32-9405-ea89df1dda37",
                  "parentUUID": null,
                  "isHook": true,
                  "skipped": false
                }
              ],
              "afterHooks": [],
              "tests": [
                {
                  "title": "should display the Role Selection page",
                  "fullTitle": "01 - Onboarding Flow Role Selection Page should display the Role Selection page",
                  "timedOut": false,
                  "duration": 0,
                  "state": null,
                  "speed": null,
                  "pass": false,
                  "fail": false,
                  "pending": false,
                  "context": null,
                  "code": "const isVisible = await rolePage.isVisible();\nexpect(isVisible).to.be.true;",
                  "err": {},
                  "uuid": "44f37415-ce10-4afb-810a-8486cba13f8c",
                  "parentUUID": null,
                  "isHook": false,
                  "skipped": true
                },
                {
                  "title": "should display the correct heading",
                  "fullTitle": "01 - Onboarding Flow Role Selection Page should display the correct heading",
                  "timedOut": false,
                  "duration": 0,
                  "state": null,
                  "speed": null,
                  "pass": false,
                  "fail": false,
                  "pending": false,
                  "context": null,
                  "code": "const heading = await rolePage.getHeadingText();\nexpect(heading).to.include('ProphyDent');",
                  "err": {},
                  "uuid": "6f971ba8-7dbb-460b-a30f-6ac21decfb28",
                  "parentUUID": null,
                  "isHook": false,
                  "skipped": true
                },
                {
                  "title": "should display two role cards",
                  "fullTitle": "01 - Onboarding Flow Role Selection Page should display two role cards",
                  "timedOut": false,
                  "duration": 0,
                  "state": null,
                  "speed": null,
                  "pass": false,
                  "fail": false,
                  "pending": false,
                  "context": null,
                  "code": "const cards = await rolePage.getRoleCards();\nexpect(cards.length).to.equal(2);",
                  "err": {},
                  "uuid": "c21db177-06e8-47a6-a332-f4418f241628",
                  "parentUUID": null,
                  "isHook": false,
                  "skipped": true
                },
                {
                  "title": "should navigate to /auth?role=doctor when Doctor card is clicked",
                  "fullTitle": "01 - Onboarding Flow Role Selection Page should navigate to /auth?role=doctor when Doctor card is clicked",
                  "timedOut": false,
                  "duration": 0,
                  "state": null,
                  "speed": null,
                  "pass": false,
                  "fail": false,
                  "pending": false,
                  "context": null,
                  "code": "await rolePage.selectDoctor();\nconst url = await driver.getCurrentUrl();\nexpect(url).to.include('/auth');\nexpect(url).to.include('doctor');",
                  "err": {},
                  "uuid": "6d91773e-d6ef-4cbe-bd5c-4f78d160d782",
                  "parentUUID": null,
                  "isHook": false,
                  "skipped": true
                },
                {
                  "title": "should navigate to /auth?role=patient when Patient card is clicked",
                  "fullTitle": "01 - Onboarding Flow Role Selection Page should navigate to /auth?role=patient when Patient card is clicked",
                  "timedOut": false,
                  "duration": 0,
                  "state": null,
                  "speed": null,
                  "pass": false,
                  "fail": false,
                  "pending": false,
                  "context": null,
                  "code": "await rolePage.open();\nawait rolePage.selectPatient();\nconst url = await driver.getCurrentUrl();\nexpect(url).to.include('/auth');\nexpect(url).to.include('patient');",
                  "err": {},
                  "uuid": "9abbf7cc-9f33-4109-b3de-aed0a88a176f",
                  "parentUUID": null,
                  "isHook": false,
                  "skipped": true
                }
              ],
              "suites": [],
              "passes": [],
              "failures": [],
              "pending": [],
              "skipped": [
                "44f37415-ce10-4afb-810a-8486cba13f8c",
                "6f971ba8-7dbb-460b-a30f-6ac21decfb28",
                "c21db177-06e8-47a6-a332-f4418f241628",
                "6d91773e-d6ef-4cbe-bd5c-4f78d160d782",
                "9abbf7cc-9f33-4109-b3de-aed0a88a176f"
              ],
              "duration": 0,
              "root": false,
              "rootEmpty": false,
              "_timeout": 60000
            }
          ],
          "passes": [],
          "failures": [],
          "pending": [],
          "skipped": [],
          "duration": 0,
          "root": false,
          "rootEmpty": false,
          "_timeout": 60000
        },
        {
          "uuid": "42dd4ed7-698b-4afa-a296-77cc13579130",
          "title": "02 - Authentication",
          "fullFile": "D:\\Prophydent\\project 5 (5)\\project 5\\selenium-tests\\tests\\02_auth.test.js",
          "file": "\\tests\\02_auth.test.js",
          "beforeHooks": [
            {
              "title": "\"before all\" hook in \"02 - Authentication\"",
              "fullTitle": "02 - Authentication \"before all\" hook in \"02 - Authentication\"",
              "timedOut": true,
              "duration": 61363,
              "state": "failed",
              "speed": null,
              "pass": false,
              "fail": true,
              "pending": false,
              "context": null,
              "code": "driver = await DriverManager.getDriver();\nauthPage = new AuthPage(driver);",
              "err": {
                "message": "Error: Timeout of 60000ms exceeded. For async tests and hooks, ensure \"done()\" is called; if returning a Promise, ensure it resolves. (D:\\Prophydent\\project 5 (5)\\project 5\\selenium-tests\\tests\\02_auth.test.js)",
                "estack": "Error: Timeout of 60000ms exceeded. For async tests and hooks, ensure \"done()\" is called; if returning a Promise, ensure it resolves. (D:\\Prophydent\\project 5 (5)\\project 5\\selenium-tests\\tests\\02_auth.test.js)\n    at listOnTimeout (node:internal/timers:605:17)\n    at process.processTimers (node:internal/timers:541:7)",
                "diff": null
              },
              "uuid": "82d7885d-c862-4b6c-9fa3-b44fa305d4be",
              "parentUUID": "42dd4ed7-698b-4afa-a296-77cc13579130",
              "isHook": true,
              "skipped": false
            }
          ],
          "afterHooks": [],
          "tests": [],
          "suites": [
            {
              "uuid": "9f04ece0-e8ff-425c-891e-c005b4b44670",
              "title": "Auth Page - Doctor Portal",
              "fullFile": "D:\\Prophydent\\project 5 (5)\\project 5\\selenium-tests\\tests\\02_auth.test.js",
              "file": "\\tests\\02_auth.test.js",
              "beforeHooks": [
                {
                  "title": "\"before each\" hook",
                  "fullTitle": "02 - Authentication Auth Page - Doctor Portal \"before each\" hook",
                  "timedOut": false,
                  "duration": 0,
                  "state": null,
                  "speed": null,
                  "pass": false,
                  "fail": false,
                  "pending": false,
                  "context": null,
                  "code": "await authPage.open('doctor');",
                  "err": {},
                  "uuid": "6488896f-c604-488d-a186-cc1647f7db99",
                  "parentUUID": null,
                  "isHook": true,
                  "skipped": false
                }
              ],
              "afterHooks": [],
              "tests": [
                {
                  "title": "should display the auth container",
                  "fullTitle": "02 - Authentication Auth Page - Doctor Portal should display the auth container",
                  "timedOut": false,
                  "duration": 0,
                  "state": null,
                  "speed": null,
                  "pass": false,
                  "fail": false,
                  "pending": false,
                  "context": null,
                  "code": "const visible = await authPage.isVisible();\nexpect(visible).to.be.true;",
                  "err": {},
                  "uuid": "283784b4-14f7-4ab7-8a0f-de26e014fd8a",
                  "parentUUID": null,
                  "isHook": false,
                  "skipped": true
                },
                {
                  "title": "should show \"Welcome Back\" heading in login mode",
                  "fullTitle": "02 - Authentication Auth Page - Doctor Portal should show \"Welcome Back\" heading in login mode",
                  "timedOut": false,
                  "duration": 0,
                  "state": null,
                  "speed": null,
                  "pass": false,
                  "fail": false,
                  "pending": false,
                  "context": null,
                  "code": "const heading = await authPage.getHeading();\nexpect(heading).to.include('Welcome Back');",
                  "err": {},
                  "uuid": "961e5d18-3223-4133-aae4-314f6eaffc31",
                  "parentUUID": null,
                  "isHook": false,
                  "skipped": true
                },
                {
                  "title": "should show \"Clinical Portal\" role label for doctor",
                  "fullTitle": "02 - Authentication Auth Page - Doctor Portal should show \"Clinical Portal\" role label for doctor",
                  "timedOut": false,
                  "duration": 0,
                  "state": null,
                  "speed": null,
                  "pass": false,
                  "fail": false,
                  "pending": false,
                  "context": null,
                  "code": "const label = await authPage.getRoleLabel();\nexpect(label).to.include('Clinical Portal');",
                  "err": {},
                  "uuid": "ea2cf9b7-c65c-45f0-af65-dd1314b1c5b3",
                  "parentUUID": null,
                  "isHook": false,
                  "skipped": true
                },
                {
                  "title": "should display email and password inputs",
                  "fullTitle": "02 - Authentication Auth Page - Doctor Portal should display email and password inputs",
                  "timedOut": false,
                  "duration": 0,
                  "state": null,
                  "speed": null,
                  "pass": false,
                  "fail": false,
                  "pending": false,
                  "context": null,
                  "code": "const emailVisible = await authPage.isDisplayed(authPage.locators.emailInput);\nconst passVisible = await authPage.isDisplayed(authPage.locators.passwordInput);\nexpect(emailVisible).to.be.true;\nexpect(passVisible).to.be.true;",
                  "err": {},
                  "uuid": "4b7a2b0e-d938-4cd7-8947-a3a150964349",
                  "parentUUID": null,
                  "isHook": false,
                  "skipped": true
                },
                {
                  "title": "should display a Sign In submit button",
                  "fullTitle": "02 - Authentication Auth Page - Doctor Portal should display a Sign In submit button",
                  "timedOut": false,
                  "duration": 0,
                  "state": null,
                  "speed": null,
                  "pass": false,
                  "fail": false,
                  "pending": false,
                  "context": null,
                  "code": "const btnText = await authPage.getSubmitButtonText();\nexpect(btnText).to.include('Sign In');",
                  "err": {},
                  "uuid": "f5ac05e7-3b8d-472a-b9fe-457fda6ae34d",
                  "parentUUID": null,
                  "isHook": false,
                  "skipped": true
                },
                {
                  "title": "should show error for invalid credentials",
                  "fullTitle": "02 - Authentication Auth Page - Doctor Portal should show error for invalid credentials",
                  "timedOut": false,
                  "duration": 0,
                  "state": null,
                  "speed": null,
                  "pass": false,
                  "fail": false,
                  "pending": false,
                  "context": null,
                  "code": "await authPage.login('invalid@example.com', 'wrongpassword');\nawait WaitHelpers.sleep(3000);\nconst errorVisible = await authPage.isErrorVisible();\nexpect(errorVisible).to.be.true;",
                  "err": {},
                  "uuid": "b65afd35-4eea-4856-a83f-a4025b027136",
                  "parentUUID": null,
                  "isHook": false,
                  "skipped": true
                },
                {
                  "title": "should toggle to signup mode when link is clicked",
                  "fullTitle": "02 - Authentication Auth Page - Doctor Portal should toggle to signup mode when link is clicked",
                  "timedOut": false,
                  "duration": 0,
                  "state": null,
                  "speed": null,
                  "pass": false,
                  "fail": false,
                  "pending": false,
                  "context": null,
                  "code": "await authPage.toggleMode();\nconst isSignup = await authPage.isSignupMode();\nexpect(isSignup).to.be.true;",
                  "err": {},
                  "uuid": "fdbe74ca-7564-47cf-9348-fdfb03e3c195",
                  "parentUUID": null,
                  "isHook": false,
                  "skipped": true
                },
                {
                  "title": "should toggle back to login mode",
                  "fullTitle": "02 - Authentication Auth Page - Doctor Portal should toggle back to login mode",
                  "timedOut": false,
                  "duration": 0,
                  "state": null,
                  "speed": null,
                  "pass": false,
                  "fail": false,
                  "pending": false,
                  "context": null,
                  "code": "await authPage.toggleMode(); // to signup\nawait authPage.toggleMode(); // back to login\nconst isLogin = await authPage.isLoginMode();\nexpect(isLogin).to.be.true;",
                  "err": {},
                  "uuid": "90fd6a9b-e75c-4d73-8bc1-8b453e33d936",
                  "parentUUID": null,
                  "isHook": false,
                  "skipped": true
                },
                {
                  "title": "should navigate back to /role when back button is clicked",
                  "fullTitle": "02 - Authentication Auth Page - Doctor Portal should navigate back to /role when back button is clicked",
                  "timedOut": false,
                  "duration": 0,
                  "state": null,
                  "speed": null,
                  "pass": false,
                  "fail": false,
                  "pending": false,
                  "context": null,
                  "code": "await authPage.clickBack();\nconst url = await driver.getCurrentUrl();\nexpect(url).to.include('/role');",
                  "err": {},
                  "uuid": "a5196de3-cf9b-491e-a4e2-a5ad10ea8b55",
                  "parentUUID": null,
                  "isHook": false,
                  "skipped": true
                }
              ],
              "suites": [],
              "passes": [],
              "failures": [],
              "pending": [],
              "skipped": [
                "283784b4-14f7-4ab7-8a0f-de26e014fd8a",
                "961e5d18-3223-4133-aae4-314f6eaffc31",
                "ea2cf9b7-c65c-45f0-af65-dd1314b1c5b3",
                "4b7a2b0e-d938-4cd7-8947-a3a150964349",
                "f5ac05e7-3b8d-472a-b9fe-457fda6ae34d",
                "b65afd35-4eea-4856-a83f-a4025b027136",
                "fdbe74ca-7564-47cf-9348-fdfb03e3c195",
                "90fd6a9b-e75c-4d73-8bc1-8b453e33d936",
                "a5196de3-cf9b-491e-a4e2-a5ad10ea8b55"
              ],
              "duration": 0,
              "root": false,
              "rootEmpty": false,
              "_timeout": 60000
            },
            {
              "uuid": "7b466a52-f816-4f98-9cfe-4f923182a75c",
              "title": "Auth Page - Patient Portal",
              "fullFile": "D:\\Prophydent\\project 5 (5)\\project 5\\selenium-tests\\tests\\02_auth.test.js",
              "file": "\\tests\\02_auth.test.js",
              "beforeHooks": [
                {
                  "title": "\"before each\" hook",
                  "fullTitle": "02 - Authentication Auth Page - Patient Portal \"before each\" hook",
                  "timedOut": false,
                  "duration": 0,
                  "state": null,
                  "speed": null,
                  "pass": false,
                  "fail": false,
                  "pending": false,
                  "context": null,
                  "code": "await authPage.open('patient');",
                  "err": {},
                  "uuid": "bd8dfb24-9648-426e-be8c-f2d2666a3625",
                  "parentUUID": null,
                  "isHook": true,
                  "skipped": false
                }
              ],
              "afterHooks": [],
              "tests": [
                {
                  "title": "should show \"Patient Portal\" role label for patient",
                  "fullTitle": "02 - Authentication Auth Page - Patient Portal should show \"Patient Portal\" role label for patient",
                  "timedOut": false,
                  "duration": 0,
                  "state": null,
                  "speed": null,
                  "pass": false,
                  "fail": false,
                  "pending": false,
                  "context": null,
                  "code": "const label = await authPage.getRoleLabel();\nexpect(label).to.include('Patient Portal');",
                  "err": {},
                  "uuid": "ef9bd1e4-b21f-4b6a-a856-dbe620687b73",
                  "parentUUID": null,
                  "isHook": false,
                  "skipped": true
                },
                {
                  "title": "should show sign-up fields when toggled to signup mode",
                  "fullTitle": "02 - Authentication Auth Page - Patient Portal should show sign-up fields when toggled to signup mode",
                  "timedOut": false,
                  "duration": 0,
                  "state": null,
                  "speed": null,
                  "pass": false,
                  "fail": false,
                  "pending": false,
                  "context": null,
                  "code": "await authPage.toggleMode();\nconst isSignup = await authPage.isSignupMode();\nexpect(isSignup).to.be.true;",
                  "err": {},
                  "uuid": "28d80c63-769d-4018-9f39-6544b541265a",
                  "parentUUID": null,
                  "isHook": false,
                  "skipped": true
                }
              ],
              "suites": [],
              "passes": [],
              "failures": [],
              "pending": [],
              "skipped": [
                "ef9bd1e4-b21f-4b6a-a856-dbe620687b73",
                "28d80c63-769d-4018-9f39-6544b541265a"
              ],
              "duration": 0,
              "root": false,
              "rootEmpty": false,
              "_timeout": 60000
            },
            {
              "uuid": "6596fc74-48da-4d4f-ad94-ede8c536912a",
              "title": "Login Attempt with Real Credentials",
              "fullFile": "D:\\Prophydent\\project 5 (5)\\project 5\\selenium-tests\\tests\\02_auth.test.js",
              "file": "\\tests\\02_auth.test.js",
              "beforeHooks": [],
              "afterHooks": [],
              "tests": [
                {
                  "title": "should attempt login with configured credentials",
                  "fullTitle": "02 - Authentication Login Attempt with Real Credentials should attempt login with configured credentials",
                  "timedOut": false,
                  "duration": 0,
                  "state": null,
                  "speed": null,
                  "pass": false,
                  "fail": false,
                  "pending": false,
                  "context": null,
                  "code": "await authPage.open('doctor');\nawait authPage.login(config.testEmail, config.testPassword);\nawait WaitHelpers.sleep(4000);\nconst url = await driver.getCurrentUrl();\n// Either succeeds and goes to dashboard, or shows error\n// Both outcomes mean the form worked correctly\nconst success = url.includes('/dashboard');\nconst failed = await authPage.isErrorVisible().catch(() => false);\nlogger.info(`Login attempt result - Dashboard: ${success}, Error shown: ${failed}`);\nexpect(success || failed).to.be.true;",
                  "err": {},
                  "uuid": "e213cf9f-33b3-40f8-b532-68b30238b87a",
                  "parentUUID": null,
                  "isHook": false,
                  "skipped": true
                }
              ],
              "suites": [],
              "passes": [],
              "failures": [],
              "pending": [],
              "skipped": [
                "e213cf9f-33b3-40f8-b532-68b30238b87a"
              ],
              "duration": 0,
              "root": false,
              "rootEmpty": false,
              "_timeout": 60000
            }
          ],
          "passes": [],
          "failures": [],
          "pending": [],
          "skipped": [],
          "duration": 0,
          "root": false,
          "rootEmpty": false,
          "_timeout": 60000
        },
        {
          "uuid": "523e02df-1c44-4b5c-b905-88248658a800",
          "title": "03 - Dashboard",
          "fullFile": "D:\\Prophydent\\project 5 (5)\\project 5\\selenium-tests\\tests\\03_dashboard.test.js",
          "file": "\\tests\\03_dashboard.test.js",
          "beforeHooks": [
            {
              "title": "\"before all\" hook in \"03 - Dashboard\"",
              "fullTitle": "03 - Dashboard \"before all\" hook in \"03 - Dashboard\"",
              "timedOut": true,
              "duration": 91160,
              "state": "failed",
              "speed": null,
              "pass": false,
              "fail": true,
              "pending": false,
              "context": null,
              "code": "driver = await DriverManager.getDriver();\nauthPage = new AuthPage(driver);\ndashPage = new DashboardPage(driver);\n// Attempt login\nawait authPage.open('doctor');\nawait authPage.login(config.testEmail, config.testPassword);\nawait WaitHelpers.sleep(4000);\nconst url = await driver.getCurrentUrl();\nif (url.includes('/dashboard')) {\n  isLoggedIn = true;\n  logger.info('Logged in for Dashboard tests.');\n} else {\n  logger.warn('Login failed - Dashboard tests will navigate directly (may redirect).');\n}",
              "err": {
                "message": "Error: Timeout of 90000ms exceeded. For async tests and hooks, ensure \"done()\" is called; if returning a Promise, ensure it resolves. (D:\\Prophydent\\project 5 (5)\\project 5\\selenium-tests\\tests\\03_dashboard.test.js)",
                "estack": "Error: Timeout of 90000ms exceeded. For async tests and hooks, ensure \"done()\" is called; if returning a Promise, ensure it resolves. (D:\\Prophydent\\project 5 (5)\\project 5\\selenium-tests\\tests\\03_dashboard.test.js)\n    at listOnTimeout (node:internal/timers:605:17)\n    at process.processTimers (node:internal/timers:541:7)",
                "diff": null
              },
              "uuid": "d4d9bc6b-deb1-4041-b282-ffef026197d3",
              "parentUUID": "523e02df-1c44-4b5c-b905-88248658a800",
              "isHook": true,
              "skipped": false
            }
          ],
          "afterHooks": [],
          "tests": [],
          "suites": [
            {
              "uuid": "f8e1d272-daa0-424d-9cd7-21c582bb68b1",
              "title": "Dashboard Page Structure",
              "fullFile": "D:\\Prophydent\\project 5 (5)\\project 5\\selenium-tests\\tests\\03_dashboard.test.js",
              "file": "\\tests\\03_dashboard.test.js",
              "beforeHooks": [
                {
                  "title": "\"before each\" hook",
                  "fullTitle": "03 - Dashboard Dashboard Page Structure \"before each\" hook",
                  "timedOut": false,
                  "duration": 0,
                  "state": null,
                  "speed": null,
                  "pass": false,
                  "fail": false,
                  "pending": false,
                  "context": null,
                  "code": "if (!isLoggedIn) {\n  this.skip();\n  return;\n}\nawait dashPage.open();",
                  "err": {},
                  "uuid": "b8ba3e88-f3b3-480c-869b-7fb27b683ff2",
                  "parentUUID": null,
                  "isHook": true,
                  "skipped": false
                }
              ],
              "afterHooks": [],
              "tests": [
                {
                  "title": "should display the dashboard container",
                  "fullTitle": "03 - Dashboard Dashboard Page Structure should display the dashboard container",
                  "timedOut": false,
                  "duration": 0,
                  "state": null,
                  "speed": null,
                  "pass": false,
                  "fail": false,
                  "pending": false,
                  "context": null,
                  "code": "const visible = await dashPage.isVisible();\nexpect(visible).to.be.true;",
                  "err": {},
                  "uuid": "495ab4c7-ea44-4fee-9d41-b8e2fe79fdc3",
                  "parentUUID": null,
                  "isHook": false,
                  "skipped": true
                },
                {
                  "title": "should display a page title",
                  "fullTitle": "03 - Dashboard Dashboard Page Structure should display a page title",
                  "timedOut": false,
                  "duration": 0,
                  "state": null,
                  "speed": null,
                  "pass": false,
                  "fail": false,
                  "pending": false,
                  "context": null,
                  "code": "const title = await dashPage.getPageTitle();\nexpect(title).to.be.a('string').and.not.be.empty;\nexpect(title.toLowerCase()).to.include('welcome');",
                  "err": {},
                  "uuid": "cf0044dc-5db0-436c-a945-5dd7a6630cfd",
                  "parentUUID": null,
                  "isHook": false,
                  "skipped": true
                },
                {
                  "title": "should display the stats grid",
                  "fullTitle": "03 - Dashboard Dashboard Page Structure should display the stats grid",
                  "timedOut": false,
                  "duration": 0,
                  "state": null,
                  "speed": null,
                  "pass": false,
                  "fail": false,
                  "pending": false,
                  "context": null,
                  "code": "const visible = await dashPage.isStatsGridVisible();\nexpect(visible).to.be.true;",
                  "err": {},
                  "uuid": "df0b3971-90ec-447f-8d17-98d460476f93",
                  "parentUUID": null,
                  "isHook": false,
                  "skipped": true
                },
                {
                  "title": "should show stat cards",
                  "fullTitle": "03 - Dashboard Dashboard Page Structure should show stat cards",
                  "timedOut": false,
                  "duration": 0,
                  "state": null,
                  "speed": null,
                  "pass": false,
                  "fail": false,
                  "pending": false,
                  "context": null,
                  "code": "const cards = await dashPage.getStatCards();\nexpect(cards.length).to.be.at.least(1);",
                  "err": {},
                  "uuid": "5b07127c-bdb0-4b1f-89bf-6e6ec0cb2201",
                  "parentUUID": null,
                  "isHook": false,
                  "skipped": true
                },
                {
                  "title": "should display the recent scans section",
                  "fullTitle": "03 - Dashboard Dashboard Page Structure should display the recent scans section",
                  "timedOut": false,
                  "duration": 0,
                  "state": null,
                  "speed": null,
                  "pass": false,
                  "fail": false,
                  "pending": false,
                  "context": null,
                  "code": "const visible = await dashPage.isRecentScansVisible();\nexpect(visible).to.be.true;",
                  "err": {},
                  "uuid": "3ce9787f-d3eb-4bee-93b1-a74f6880aa6d",
                  "parentUUID": null,
                  "isHook": false,
                  "skipped": true
                },
                {
                  "title": "should display the AI insights section",
                  "fullTitle": "03 - Dashboard Dashboard Page Structure should display the AI insights section",
                  "timedOut": false,
                  "duration": 0,
                  "state": null,
                  "speed": null,
                  "pass": false,
                  "fail": false,
                  "pending": false,
                  "context": null,
                  "code": "const visible = await dashPage.isAiInsightsVisible();\nexpect(visible).to.be.true;",
                  "err": {},
                  "uuid": "d53c66b6-1436-4045-90f5-5a6754ba17ed",
                  "parentUUID": null,
                  "isHook": false,
                  "skipped": true
                },
                {
                  "title": "should display the sidebar",
                  "fullTitle": "03 - Dashboard Dashboard Page Structure should display the sidebar",
                  "timedOut": false,
                  "duration": 0,
                  "state": null,
                  "speed": null,
                  "pass": false,
                  "fail": false,
                  "pending": false,
                  "context": null,
                  "code": "const visible = await dashPage.isSidebarVisible();\nexpect(visible).to.be.true;",
                  "err": {},
                  "uuid": "18304940-c0bb-46b3-a021-71dea75d3297",
                  "parentUUID": null,
                  "isHook": false,
                  "skipped": true
                },
                {
                  "title": "should have a Start New Analysis button",
                  "fullTitle": "03 - Dashboard Dashboard Page Structure should have a Start New Analysis button",
                  "timedOut": false,
                  "duration": 0,
                  "state": null,
                  "speed": null,
                  "pass": false,
                  "fail": false,
                  "pending": false,
                  "context": null,
                  "code": "const visible = await dashPage.isDisplayed(dashPage.locators.startAnalysisBtn);\nexpect(visible).to.be.true;",
                  "err": {},
                  "uuid": "13a68551-472f-496e-9f08-8149b85d0471",
                  "parentUUID": null,
                  "isHook": false,
                  "skipped": true
                }
              ],
              "suites": [],
              "passes": [],
              "failures": [],
              "pending": [],
              "skipped": [
                "495ab4c7-ea44-4fee-9d41-b8e2fe79fdc3",
                "cf0044dc-5db0-436c-a945-5dd7a6630cfd",
                "df0b3971-90ec-447f-8d17-98d460476f93",
                "5b07127c-bdb0-4b1f-89bf-6e6ec0cb2201",
                "3ce9787f-d3eb-4bee-93b1-a74f6880aa6d",
                "d53c66b6-1436-4045-90f5-5a6754ba17ed",
                "18304940-c0bb-46b3-a021-71dea75d3297",
                "13a68551-472f-496e-9f08-8149b85d0471"
              ],
              "duration": 0,
              "root": false,
              "rootEmpty": false,
              "_timeout": 90000
            },
            {
              "uuid": "ef8fd41c-c15e-41cc-976d-a03a90fdfbf3",
              "title": "Protected Route - Unauthenticated Access",
              "fullFile": "D:\\Prophydent\\project 5 (5)\\project 5\\selenium-tests\\tests\\03_dashboard.test.js",
              "file": "\\tests\\03_dashboard.test.js",
              "beforeHooks": [],
              "afterHooks": [],
              "tests": [
                {
                  "title": "should redirect to /welcome if not authenticated",
                  "fullTitle": "03 - Dashboard Protected Route - Unauthenticated Access should redirect to /welcome if not authenticated",
                  "timedOut": false,
                  "duration": 0,
                  "state": null,
                  "speed": null,
                  "pass": false,
                  "fail": false,
                  "pending": false,
                  "context": null,
                  "code": "if (isLoggedIn) {\n  // Sign out first via Supabase localStorage clear\n  await driver.executeScript(`\n    Object.keys(localStorage).forEach(key => {\n      if (key.includes('supabase') || key.includes('sb-')) localStorage.removeItem(key);\n    });\n  `);\n  await WaitHelpers.sleep(500);\n}\nawait dashPage.navigate('/dashboard');\nawait WaitHelpers.sleep(3000);\nconst url = await driver.getCurrentUrl();\nexpect(url).to.include('/welcome');\nisLoggedIn = false;",
                  "err": {},
                  "uuid": "31d20e0d-d91a-4b2f-9afa-3d0e6fdb9c90",
                  "parentUUID": null,
                  "isHook": false,
                  "skipped": true
                }
              ],
              "suites": [],
              "passes": [],
              "failures": [],
              "pending": [],
              "skipped": [
                "31d20e0d-d91a-4b2f-9afa-3d0e6fdb9c90"
              ],
              "duration": 0,
              "root": false,
              "rootEmpty": false,
              "_timeout": 90000
            }
          ],
          "passes": [],
          "failures": [],
          "pending": [],
          "skipped": [],
          "duration": 0,
          "root": false,
          "rootEmpty": false,
          "_timeout": 90000
        },
        {
          "uuid": "9045e5bb-b9ea-429d-946e-010aa246ee3e",
          "title": "04 - Patient Management",
          "fullFile": "D:\\Prophydent\\project 5 (5)\\project 5\\selenium-tests\\tests\\04_patients.test.js",
          "file": "\\tests\\04_patients.test.js",
          "beforeHooks": [
            {
              "title": "\"before all\" hook in \"04 - Patient Management\"",
              "fullTitle": "04 - Patient Management \"before all\" hook in \"04 - Patient Management\"",
              "timedOut": true,
              "duration": 91498,
              "state": "failed",
              "speed": null,
              "pass": false,
              "fail": true,
              "pending": false,
              "context": null,
              "code": "driver = await DriverManager.getDriver();\nauthPage = new AuthPage(driver);\npatientsPage = new PatientsPage(driver);\n// Login\nawait authPage.open('doctor');\nawait authPage.login(config.testEmail, config.testPassword);\nawait WaitHelpers.sleep(4000);\nconst url = await driver.getCurrentUrl();\nisLoggedIn = url.includes('/dashboard');\nlogger.info(`Patients test login status: ${isLoggedIn}`);",
              "err": {
                "message": "Error: Timeout of 90000ms exceeded. For async tests and hooks, ensure \"done()\" is called; if returning a Promise, ensure it resolves. (D:\\Prophydent\\project 5 (5)\\project 5\\selenium-tests\\tests\\04_patients.test.js)",
                "estack": "Error: Timeout of 90000ms exceeded. For async tests and hooks, ensure \"done()\" is called; if returning a Promise, ensure it resolves. (D:\\Prophydent\\project 5 (5)\\project 5\\selenium-tests\\tests\\04_patients.test.js)\n    at listOnTimeout (node:internal/timers:605:17)\n    at process.processTimers (node:internal/timers:541:7)",
                "diff": null
              },
              "uuid": "dcee3e10-80ec-4f05-85e2-19d43e94dfac",
              "parentUUID": "9045e5bb-b9ea-429d-946e-010aa246ee3e",
              "isHook": true,
              "skipped": false
            }
          ],
          "afterHooks": [],
          "tests": [],
          "suites": [
            {
              "uuid": "2d53cc60-65a5-4c40-9b16-46db2a81d09d",
              "title": "Patients Page - View",
              "fullFile": "D:\\Prophydent\\project 5 (5)\\project 5\\selenium-tests\\tests\\04_patients.test.js",
              "file": "\\tests\\04_patients.test.js",
              "beforeHooks": [
                {
                  "title": "\"before each\" hook",
                  "fullTitle": "04 - Patient Management Patients Page - View \"before each\" hook",
                  "timedOut": false,
                  "duration": 0,
                  "state": null,
                  "speed": null,
                  "pass": false,
                  "fail": false,
                  "pending": false,
                  "context": null,
                  "code": "if (!isLoggedIn) { this.skip(); return; }\nawait patientsPage.open();",
                  "err": {},
                  "uuid": "a74190c9-cb00-48f4-97de-a46fa1dcfa87",
                  "parentUUID": null,
                  "isHook": true,
                  "skipped": false
                }
              ],
              "afterHooks": [],
              "tests": [
                {
                  "title": "should display the patients container",
                  "fullTitle": "04 - Patient Management Patients Page - View should display the patients container",
                  "timedOut": false,
                  "duration": 0,
                  "state": null,
                  "speed": null,
                  "pass": false,
                  "fail": false,
                  "pending": false,
                  "context": null,
                  "code": "const visible = await patientsPage.isVisible();\nexpect(visible).to.be.true;",
                  "err": {},
                  "uuid": "38b753c5-570e-44ed-9450-71e94f3ada95",
                  "parentUUID": null,
                  "isHook": false,
                  "skipped": true
                },
                {
                  "title": "should show the Patient Management heading",
                  "fullTitle": "04 - Patient Management Patients Page - View should show the Patient Management heading",
                  "timedOut": false,
                  "duration": 0,
                  "state": null,
                  "speed": null,
                  "pass": false,
                  "fail": false,
                  "pending": false,
                  "context": null,
                  "code": "const heading = await patientsPage.getText(patientsPage.locators.heading);\nexpect(heading).to.include('Patient');",
                  "err": {},
                  "uuid": "f42d367c-be7c-4a0d-9076-77aaf3c958e6",
                  "parentUUID": null,
                  "isHook": false,
                  "skipped": true
                },
                {
                  "title": "should display tab buttons (View Patients and Add Patient)",
                  "fullTitle": "04 - Patient Management Patients Page - View should display tab buttons (View Patients and Add Patient)",
                  "timedOut": false,
                  "duration": 0,
                  "state": null,
                  "speed": null,
                  "pass": false,
                  "fail": false,
                  "pending": false,
                  "context": null,
                  "code": "const tabs = await patientsPage.getTabButtons();\nexpect(tabs.length).to.equal(2);",
                  "err": {},
                  "uuid": "6ef12935-5fd9-44d2-9f16-e7a42c7d8ecd",
                  "parentUUID": null,
                  "isHook": false,
                  "skipped": true
                },
                {
                  "title": "should display the search input in View tab",
                  "fullTitle": "04 - Patient Management Patients Page - View should display the search input in View tab",
                  "timedOut": false,
                  "duration": 0,
                  "state": null,
                  "speed": null,
                  "pass": false,
                  "fail": false,
                  "pending": false,
                  "context": null,
                  "code": "const searchVisible = await patientsPage.isDisplayed(patientsPage.locators.searchInput);\nexpect(searchVisible).to.be.true;",
                  "err": {},
                  "uuid": "515c2eeb-b2d4-4491-a68f-2f7db1705988",
                  "parentUUID": null,
                  "isHook": false,
                  "skipped": true
                },
                {
                  "title": "should allow searching patients",
                  "fullTitle": "04 - Patient Management Patients Page - View should allow searching patients",
                  "timedOut": false,
                  "duration": 0,
                  "state": null,
                  "speed": null,
                  "pass": false,
                  "fail": false,
                  "pending": false,
                  "context": null,
                  "code": "await patientsPage.searchPatient('test');\n// No error thrown = search works\nconst searchVal = await patientsPage.getAttribute(patientsPage.locators.searchInput, 'value');\nexpect(searchVal).to.equal('test');",
                  "err": {},
                  "uuid": "7b63dcfa-245d-4754-92b3-90dff8a4080e",
                  "parentUUID": null,
                  "isHook": false,
                  "skipped": true
                }
              ],
              "suites": [],
              "passes": [],
              "failures": [],
              "pending": [],
              "skipped": [
                "38b753c5-570e-44ed-9450-71e94f3ada95",
                "f42d367c-be7c-4a0d-9076-77aaf3c958e6",
                "6ef12935-5fd9-44d2-9f16-e7a42c7d8ecd",
                "515c2eeb-b2d4-4491-a68f-2f7db1705988",
                "7b63dcfa-245d-4754-92b3-90dff8a4080e"
              ],
              "duration": 0,
              "root": false,
              "rootEmpty": false,
              "_timeout": 90000
            },
            {
              "uuid": "6147760f-3dbf-4691-bed6-80e9908d2751",
              "title": "Patients Page - Add Patient Form",
              "fullFile": "D:\\Prophydent\\project 5 (5)\\project 5\\selenium-tests\\tests\\04_patients.test.js",
              "file": "\\tests\\04_patients.test.js",
              "beforeHooks": [
                {
                  "title": "\"before each\" hook",
                  "fullTitle": "04 - Patient Management Patients Page - Add Patient Form \"before each\" hook",
                  "timedOut": false,
                  "duration": 0,
                  "state": null,
                  "speed": null,
                  "pass": false,
                  "fail": false,
                  "pending": false,
                  "context": null,
                  "code": "if (!isLoggedIn) { this.skip(); return; }\nawait patientsPage.open();\nawait patientsPage.clickAddPatientTab();",
                  "err": {},
                  "uuid": "da93b1dc-0223-45c8-910b-788ec5d349c0",
                  "parentUUID": null,
                  "isHook": true,
                  "skipped": false
                }
              ],
              "afterHooks": [],
              "tests": [
                {
                  "title": "should show the add patient form after clicking Add Patient tab",
                  "fullTitle": "04 - Patient Management Patients Page - Add Patient Form should show the add patient form after clicking Add Patient tab",
                  "timedOut": false,
                  "duration": 0,
                  "state": null,
                  "speed": null,
                  "pass": false,
                  "fail": false,
                  "pending": false,
                  "context": null,
                  "code": "const formVisible = await patientsPage.isDisplayed(patientsPage.locators.addPatientForm);\nexpect(formVisible).to.be.true;",
                  "err": {},
                  "uuid": "fee0321f-3e6d-4221-b1f6-7b498740680e",
                  "parentUUID": null,
                  "isHook": false,
                  "skipped": true
                },
                {
                  "title": "should display full name input",
                  "fullTitle": "04 - Patient Management Patients Page - Add Patient Form should display full name input",
                  "timedOut": false,
                  "duration": 0,
                  "state": null,
                  "speed": null,
                  "pass": false,
                  "fail": false,
                  "pending": false,
                  "context": null,
                  "code": "const visible = await patientsPage.isDisplayed(patientsPage.locators.fullNameInput);\nexpect(visible).to.be.true;",
                  "err": {},
                  "uuid": "f81d0176-69a1-4ca6-85d9-d5ab5b45036b",
                  "parentUUID": null,
                  "isHook": false,
                  "skipped": true
                },
                {
                  "title": "should display date of birth input",
                  "fullTitle": "04 - Patient Management Patients Page - Add Patient Form should display date of birth input",
                  "timedOut": false,
                  "duration": 0,
                  "state": null,
                  "speed": null,
                  "pass": false,
                  "fail": false,
                  "pending": false,
                  "context": null,
                  "code": "const visible = await patientsPage.isDisplayed(patientsPage.locators.dobInput);\nexpect(visible).to.be.true;",
                  "err": {},
                  "uuid": "a34f911a-8c2f-49a2-a8ee-eac5ddc92775",
                  "parentUUID": null,
                  "isHook": false,
                  "skipped": true
                },
                {
                  "title": "should display email input",
                  "fullTitle": "04 - Patient Management Patients Page - Add Patient Form should display email input",
                  "timedOut": false,
                  "duration": 0,
                  "state": null,
                  "speed": null,
                  "pass": false,
                  "fail": false,
                  "pending": false,
                  "context": null,
                  "code": "const visible = await patientsPage.isDisplayed(patientsPage.locators.emailInput);\nexpect(visible).to.be.true;",
                  "err": {},
                  "uuid": "473b9248-3ed9-4bb8-99ed-376c60bc4265",
                  "parentUUID": null,
                  "isHook": false,
                  "skipped": true
                },
                {
                  "title": "should display phone input",
                  "fullTitle": "04 - Patient Management Patients Page - Add Patient Form should display phone input",
                  "timedOut": false,
                  "duration": 0,
                  "state": null,
                  "speed": null,
                  "pass": false,
                  "fail": false,
                  "pending": false,
                  "context": null,
                  "code": "const visible = await patientsPage.isDisplayed(patientsPage.locators.phoneInput);\nexpect(visible).to.be.true;",
                  "err": {},
                  "uuid": "0f49ebdd-c3ce-4cf0-ab71-e073fa42e21b",
                  "parentUUID": null,
                  "isHook": false,
                  "skipped": true
                },
                {
                  "title": "should display medical history textarea",
                  "fullTitle": "04 - Patient Management Patients Page - Add Patient Form should display medical history textarea",
                  "timedOut": false,
                  "duration": 0,
                  "state": null,
                  "speed": null,
                  "pass": false,
                  "fail": false,
                  "pending": false,
                  "context": null,
                  "code": "const visible = await patientsPage.isDisplayed(patientsPage.locators.medicalHistoryTextarea);\nexpect(visible).to.be.true;",
                  "err": {},
                  "uuid": "5fe84c59-0abd-4615-947e-d49f41b83d6b",
                  "parentUUID": null,
                  "isHook": false,
                  "skipped": true
                },
                {
                  "title": "should fill and submit the add patient form",
                  "fullTitle": "04 - Patient Management Patients Page - Add Patient Form should fill and submit the add patient form",
                  "timedOut": false,
                  "duration": 0,
                  "state": null,
                  "speed": null,
                  "pass": false,
                  "fail": false,
                  "pending": false,
                  "context": null,
                  "code": "await patientsPage.fillAddPatientForm({\n  fullName: 'Selenium Test Patient',\n  dob: '1990-01-15',\n  email: 'selenium.patient@test.com',\n  phone: '5559876543',\n  medicalHistory: 'Automated test patient record'\n});\nawait patientsPage.submitAddPatientForm();\nawait WaitHelpers.sleep(3000);\n// Either goes back to view tab (success) or shows error\nconst url = await driver.getCurrentUrl();\nexpect(url).to.include('/patients');",
                  "err": {},
                  "uuid": "c126f2b5-2308-442e-997c-4b9a20d0e27d",
                  "parentUUID": null,
                  "isHook": false,
                  "skipped": true
                }
              ],
              "suites": [],
              "passes": [],
              "failures": [],
              "pending": [],
              "skipped": [
                "fee0321f-3e6d-4221-b1f6-7b498740680e",
                "f81d0176-69a1-4ca6-85d9-d5ab5b45036b",
                "a34f911a-8c2f-49a2-a8ee-eac5ddc92775",
                "473b9248-3ed9-4bb8-99ed-376c60bc4265",
                "0f49ebdd-c3ce-4cf0-ab71-e073fa42e21b",
                "5fe84c59-0abd-4615-947e-d49f41b83d6b",
                "c126f2b5-2308-442e-997c-4b9a20d0e27d"
              ],
              "duration": 0,
              "root": false,
              "rootEmpty": false,
              "_timeout": 90000
            }
          ],
          "passes": [],
          "failures": [],
          "pending": [],
          "skipped": [],
          "duration": 0,
          "root": false,
          "rootEmpty": false,
          "_timeout": 90000
        },
        {
          "uuid": "3a6bfdbe-27f9-4b1b-9cb7-828560ba3a31",
          "title": "05 - Analysis / Scan Upload",
          "fullFile": "D:\\Prophydent\\project 5 (5)\\project 5\\selenium-tests\\tests\\05_analysis.test.js",
          "file": "\\tests\\05_analysis.test.js",
          "beforeHooks": [
            {
              "title": "\"before all\" hook in \"05 - Analysis / Scan Upload\"",
              "fullTitle": "05 - Analysis / Scan Upload \"before all\" hook in \"05 - Analysis / Scan Upload\"",
              "timedOut": true,
              "duration": 91572,
              "state": "failed",
              "speed": null,
              "pass": false,
              "fail": true,
              "pending": false,
              "context": null,
              "code": "driver = await DriverManager.getDriver();\nauthPage = new AuthPage(driver);\nanalysisPage = new AnalysisPage(driver);\nawait authPage.open('doctor');\nawait authPage.login(config.testEmail, config.testPassword);\nawait WaitHelpers.sleep(4000);\nconst url = await driver.getCurrentUrl();\nisLoggedIn = url.includes('/dashboard');\nlogger.info(`Analysis test login status: ${isLoggedIn}`);",
              "err": {
                "message": "Error: Timeout of 90000ms exceeded. For async tests and hooks, ensure \"done()\" is called; if returning a Promise, ensure it resolves. (D:\\Prophydent\\project 5 (5)\\project 5\\selenium-tests\\tests\\05_analysis.test.js)",
                "estack": "Error: Timeout of 90000ms exceeded. For async tests and hooks, ensure \"done()\" is called; if returning a Promise, ensure it resolves. (D:\\Prophydent\\project 5 (5)\\project 5\\selenium-tests\\tests\\05_analysis.test.js)\n    at listOnTimeout (node:internal/timers:605:17)\n    at process.processTimers (node:internal/timers:541:7)",
                "diff": null
              },
              "uuid": "a7285471-74e4-4aae-a5dc-fbc069a212a4",
              "parentUUID": "3a6bfdbe-27f9-4b1b-9cb7-828560ba3a31",
              "isHook": true,
              "skipped": false
            }
          ],
          "afterHooks": [],
          "tests": [],
          "suites": [
            {
              "uuid": "7fa9e858-6a2a-4915-ab45-84b85ef630cb",
              "title": "Analysis Page Structure",
              "fullFile": "D:\\Prophydent\\project 5 (5)\\project 5\\selenium-tests\\tests\\05_analysis.test.js",
              "file": "\\tests\\05_analysis.test.js",
              "beforeHooks": [
                {
                  "title": "\"before each\" hook",
                  "fullTitle": "05 - Analysis / Scan Upload Analysis Page Structure \"before each\" hook",
                  "timedOut": false,
                  "duration": 0,
                  "state": null,
                  "speed": null,
                  "pass": false,
                  "fail": false,
                  "pending": false,
                  "context": null,
                  "code": "if (!isLoggedIn) { this.skip(); return; }\nawait analysisPage.open();",
                  "err": {},
                  "uuid": "3f684904-57a9-4d4b-825c-b53edb4e9a85",
                  "parentUUID": null,
                  "isHook": true,
                  "skipped": false
                }
              ],
              "afterHooks": [],
              "tests": [
                {
                  "title": "should display the upload analysis container",
                  "fullTitle": "05 - Analysis / Scan Upload Analysis Page Structure should display the upload analysis container",
                  "timedOut": false,
                  "duration": 0,
                  "state": null,
                  "speed": null,
                  "pass": false,
                  "fail": false,
                  "pending": false,
                  "context": null,
                  "code": "const visible = await analysisPage.isVisible();\nexpect(visible).to.be.true;",
                  "err": {},
                  "uuid": "50e7a494-6ec4-442e-b372-65858d77d835",
                  "parentUUID": null,
                  "isHook": false,
                  "skipped": true
                },
                {
                  "title": "should display the page heading",
                  "fullTitle": "05 - Analysis / Scan Upload Analysis Page Structure should display the page heading",
                  "timedOut": false,
                  "duration": 0,
                  "state": null,
                  "speed": null,
                  "pass": false,
                  "fail": false,
                  "pending": false,
                  "context": null,
                  "code": "const heading = await analysisPage.getHeading();\nexpect(heading).to.be.a('string').and.not.be.empty;",
                  "err": {},
                  "uuid": "fea6a132-4dca-4c5e-9aff-a91d60ddd816",
                  "parentUUID": null,
                  "isHook": false,
                  "skipped": true
                },
                {
                  "title": "should display patient selector for doctor role",
                  "fullTitle": "05 - Analysis / Scan Upload Analysis Page Structure should display patient selector for doctor role",
                  "timedOut": false,
                  "duration": 0,
                  "state": null,
                  "speed": null,
                  "pass": false,
                  "fail": false,
                  "pending": false,
                  "context": null,
                  "code": "// Doctor should see a patient selector dropdown\nconst selectorVisible = await analysisPage.isDisplayed(analysisPage.locators.patientSelector);\nexpect(selectorVisible).to.be.true;",
                  "err": {},
                  "uuid": "ae61a28e-b6d5-48b4-8434-4db6f6399a8f",
                  "parentUUID": null,
                  "isHook": false,
                  "skipped": true
                },
                {
                  "title": "should show locked overlay when no patient is selected",
                  "fullTitle": "05 - Analysis / Scan Upload Analysis Page Structure should show locked overlay when no patient is selected",
                  "timedOut": false,
                  "duration": 0,
                  "state": null,
                  "speed": null,
                  "pass": false,
                  "fail": false,
                  "pending": false,
                  "context": null,
                  "code": "// By default no patient is selected, locked overlay shown\nconst lockedVisible = await analysisPage.isLockedOverlayVisible();\nexpect(lockedVisible).to.be.true;",
                  "err": {},
                  "uuid": "d1af9e47-3978-488c-9867-dc6ae209e174",
                  "parentUUID": null,
                  "isHook": false,
                  "skipped": true
                },
                {
                  "title": "should show empty state in the results panel",
                  "fullTitle": "05 - Analysis / Scan Upload Analysis Page Structure should show empty state in the results panel",
                  "timedOut": false,
                  "duration": 0,
                  "state": null,
                  "speed": null,
                  "pass": false,
                  "fail": false,
                  "pending": false,
                  "context": null,
                  "code": "const emptyVisible = await analysisPage.isEmptyStateVisible();\nexpect(emptyVisible).to.be.true;",
                  "err": {},
                  "uuid": "80055005-d567-4265-8f4f-7934cb27c718",
                  "parentUUID": null,
                  "isHook": false,
                  "skipped": true
                },
                {
                  "title": "should display patient dropdown options",
                  "fullTitle": "05 - Analysis / Scan Upload Analysis Page Structure should display patient dropdown options",
                  "timedOut": false,
                  "duration": 0,
                  "state": null,
                  "speed": null,
                  "pass": false,
                  "fail": false,
                  "pending": false,
                  "context": null,
                  "code": "const options = await analysisPage.getPatientOptions();\n// At least the default \"Choose a patient\" option should exist\nexpect(options.length).to.be.at.least(1);",
                  "err": {},
                  "uuid": "4db9e9ed-02e0-40be-ab62-7e56a5049a07",
                  "parentUUID": null,
                  "isHook": false,
                  "skipped": true
                }
              ],
              "suites": [],
              "passes": [],
              "failures": [],
              "pending": [],
              "skipped": [
                "50e7a494-6ec4-442e-b372-65858d77d835",
                "fea6a132-4dca-4c5e-9aff-a91d60ddd816",
                "ae61a28e-b6d5-48b4-8434-4db6f6399a8f",
                "d1af9e47-3978-488c-9867-dc6ae209e174",
                "80055005-d567-4265-8f4f-7934cb27c718",
                "4db9e9ed-02e0-40be-ab62-7e56a5049a07"
              ],
              "duration": 0,
              "root": false,
              "rootEmpty": false,
              "_timeout": 90000
            },
            {
              "uuid": "0cef1aff-a6f9-4795-b8aa-f927bb785bbb",
              "title": "Analysis Page - Upload Zone Appearance",
              "fullFile": "D:\\Prophydent\\project 5 (5)\\project 5\\selenium-tests\\tests\\05_analysis.test.js",
              "file": "\\tests\\05_analysis.test.js",
              "beforeHooks": [],
              "afterHooks": [],
              "tests": [
                {
                  "title": "should show upload zone once a patient is selected",
                  "fullTitle": "05 - Analysis / Scan Upload Analysis Page - Upload Zone Appearance should show upload zone once a patient is selected",
                  "timedOut": false,
                  "duration": 0,
                  "state": null,
                  "speed": null,
                  "pass": false,
                  "fail": false,
                  "pending": false,
                  "context": null,
                  "code": "if (!isLoggedIn) { this.skip(); return; }\nawait analysisPage.open();\n// Select the first non-default patient if available\ntry {\n  const options = await analysisPage.getPatientOptions();\n  if (options.length > 1) {\n    const patientId = await options[1].getAttribute('value');\n    if (patientId) {\n      await driver.executeScript(`\n        const sel = document.querySelector('.patient-selector select');\n        if (sel) {\n          sel.value = arguments[0];\n          sel.dispatchEvent(new Event('change', { bubbles: true }));\n        }\n      `, patientId);\n      await WaitHelpers.sleep(1000);\n      const uploadVisible = await analysisPage.isUploadZoneVisible();\n      expect(uploadVisible).to.be.true;\n    } else {\n      this.skip();\n    }\n  } else {\n    logger.info('No patients registered - skipping upload zone test.');\n    this.skip();\n  }\n} catch (e) {\n  logger.warn(`Upload zone test skipped: ${e.message}`);\n  this.skip();\n}",
                  "err": {},
                  "uuid": "2940bd10-c703-46b0-b94d-9b06f7ef1a74",
                  "parentUUID": null,
                  "isHook": false,
                  "skipped": true
                }
              ],
              "suites": [],
              "passes": [],
              "failures": [],
              "pending": [],
              "skipped": [
                "2940bd10-c703-46b0-b94d-9b06f7ef1a74"
              ],
              "duration": 0,
              "root": false,
              "rootEmpty": false,
              "_timeout": 90000
            }
          ],
          "passes": [],
          "failures": [],
          "pending": [],
          "skipped": [],
          "duration": 0,
          "root": false,
          "rootEmpty": false,
          "_timeout": 90000
        },
        {
          "uuid": "a2e1ac55-591a-4339-9aa0-d0392d6ce531",
          "title": "06 - Reports",
[...]
          "duration": 0,
          "root": false,
          "rootEmpty": false,
          "_timeout": 90000
        },
        {
          "uuid": "80f7692e-b4b4-4726-b189-150c0257df64",
          "title": "08 - Navigation",
          "fullFile": "D:\\Prophydent\\project 5 (5)\\project 5\\selenium-tests\\tests\\08_navigation.test.js",
          "file": "\\tests\\08_navigation.test.js",
          "beforeHooks": [
            {
              "title": "\"before all\" hook in \"08 - Navigation\"",
              "fullTitle": "08 - Navigation \"before all\" hook in \"08 - Navigation\"",
              "timedOut": true,
              "duration": 91268,
              "state": "failed",
              "speed": null,
              "pass": false,
              "fail": true,
              "pending": false,
              "context": null,
              "code": "driver = await DriverManager.getDriver();\nauthPage = new AuthPage(driver);\nnavPage = new NavigationPage(driver);\nawait authPage.open('doctor');\nawait authPage.login(config.testEmail, config.testPassword);\nawait WaitHelpers.sleep(4000);\nconst url = await driver.getCurrentUrl();\nisLoggedIn = url.includes('/dashboard');\nlogger.info(`Navigation test login status: ${isLoggedIn}`);",
              "err": {
                "message": "Error: Timeout of 90000ms exceeded. For async tests and hooks, ensure \"done()\" is called; if returning a Promise, ensure it resolves. (D:\\Prophydent\\project 5 (5)\\project 5\\selenium-tests\\tests\\08_navigation.test.js)",
                "estack": "Error: Timeout of 90000ms exceeded. For async tests and hooks, ensure \"done()\" is called; if returning a Promise, ensure it resolves. (D:\\Prophydent\\project 5 (5)\\project 5\\selenium-tests\\tests\\08_navigation.test.js)\n    at listOnTimeout (node:internal/timers:605:17)\n    at process.processTimers (node:internal/timers:541:7)",
                "diff": null
              },
              "uuid": "9ed89d7d-329a-453c-b818-c070221f7310",
              "parentUUID": "80f7692e-b4b4-4726-b189-150c0257df64",
              "isHook": true,
              "skipped": false
            }
          ],
          "afterHooks": [],
          "tests": [],
          "suites": [
            {
              "uuid": "d28b1a17-78c8-4d7c-b75c-cd8bea1c158b",
              "title": "Sidebar Navigation",
              "fullFile": "D:\\Prophydent\\project 5 (5)\\project 5\\selenium-tests\\tests\\08_navigation.test.js",
              "file": "\\tests\\08_navigation.test.js",
              "beforeHooks": [
                {
                  "title": "\"before each\" hook",
                  "fullTitle": "08 - Navigation Sidebar Navigation \"before each\" hook",
                  "timedOut": false,
                  "duration": 0,
                  "state": null,
                  "speed": null,
                  "pass": false,
                  "fail": false,
                  "pending": false,
                  "context": null,
                  "code": "if (!isLoggedIn) { this.skip(); return; }",
                  "err": {},
                  "uuid": "aced76c0-0606-42d1-a4ba-ecb81e5276d1",
                  "parentUUID": null,
                  "isHook": true,
                  "skipped": false
                }
              ],
              "afterHooks": [],
              "tests": [
                {
                  "title": "should display the sidebar",
                  "fullTitle": "08 - Navigation Sidebar Navigation should display the sidebar",
                  "timedOut": false,
                  "duration": 0,
                  "state": null,
                  "speed": null,
                  "pass": false,
                  "fail": false,
                  "pending": false,
                  "context": null,
                  "code": "const visible = await navPage.isSidebarVisible();\nexpect(visible).to.be.true;",
                  "err": {},
                  "uuid": "1f255163-5066-4d62-b51e-8fdd2e88fbdd",
                  "parentUUID": null,
                  "isHook": false,
                  "skipped": true
                },
                {
                  "title": "should display navigation items in the sidebar",
                  "fullTitle": "08 - Navigation Sidebar Navigation should display navigation items in the sidebar",
                  "timedOut": false,
                  "duration": 0,
                  "state": null,
                  "speed": null,
                  "pass": false,
                  "fail": false,
                  "pending": false,
                  "context": null,
                  "code": "const items = await navPage.getNavItems();\nexpect(items.length).to.be.at.least(4);",
                  "err": {},
                  "uuid": "3f1e80d1-71a3-46ff-a8b8-d676202e84c0",
                  "parentUUID": null,
                  "isHook": false,
                  "skipped": true
                },
                {
                  "title": "should display \"ProphyDent\" in the sidebar logo",
                  "fullTitle": "08 - Navigation Sidebar Navigation should display \"ProphyDent\" in the sidebar logo",
                  "timedOut": false,
                  "duration": 0,
                  "state": null,
                  "speed": null,
                  "pass": false,
                  "fail": false,
                  "pending": false,
                  "context": null,
                  "code": "const logoText = await navPage.getLogoText();\nexpect(logoText).to.include('ProphyDent');",
                  "err": {},
                  "uuid": "0d8c8f92-31c9-49b7-b6d4-f31f8ffcf547",
                  "parentUUID": null,
                  "isHook": false,
                  "skipped": true
                },
                {
                  "title": "should display the user profile section",
                  "fullTitle": "08 - Navigation Sidebar Navigation should display the user profile section",
                  "timedOut": false,
                  "duration": 0,
                  "state": null,
                  "speed": null,
                  "pass": false,
                  "fail": false,
                  "pending": false,
                  "context": null,
                  "code": "const visible = await navPage.isDisplayed(navPage.locators.userProfile);\nexpect(visible).to.be.true;",
                  "err": {},
                  "uuid": "e3325003-0887-4bd8-b899-555d3434dba7",
                  "parentUUID": null,
                  "isHook": false,
                  "skipped": true
                },
                {
                  "title": "should navigate to Dashboard",
                  "fullTitle": "08 - Navigation Sidebar Navigation should navigate to Dashboard",
                  "timedOut": false,
                  "duration": 0,
                  "state": null,
                  "speed": null,
                  "pass": false,
                  "fail": false,
                  "pending": false,
                  "context": null,
                  "code": "await navPage.navigateToDashboard();\nconst url = await driver.getCurrentUrl();\nexpect(url).to.include('/dashboard');",
                  "err": {},
                  "uuid": "2dc8fc39-c4d6-4df6-9d49-ca70ae2b8565",
                  "parentUUID": null,
                  "isHook": false,
                  "skipped": true
                },
                {
                  "title": "should navigate to Patients",
                  "fullTitle": "08 - Navigation Sidebar Navigation should navigate to Patients",
                  "timedOut": false,
                  "duration": 0,
                  "state": null,
                  "speed": null,
                  "pass": false,
                  "fail": false,
                  "pending": false,
                  "context": null,
                  "code": "await navPage.navigateToPatients();\nconst url = await driver.getCurrentUrl();\nexpect(url).to.include('/patients');",
                  "err": {},
                  "uuid": "3ed95b44-1c94-443c-8cce-3321a003a7de",
                  "parentUUID": null,
                  "isHook": false,
                  "skipped": true
                },
                {
                  "title": "should navigate to Scans/Analysis",
                  "fullTitle": "08 - Navigation Sidebar Navigation should navigate to Scans/Analysis",
                  "timedOut": false,
                  "duration": 0,
                  "state": null,
                  "speed": null,
                  "pass": false,
                  "fail": false,
                  "pending": false,
                  "context": null,
                  "code": "await navPage.navigateToScans();\nconst url = await driver.getCurrentUrl();\nexpect(url).to.include('/analysis');",
                  "err": {},
                  "uuid": "cfb285d6-ee69-4053-bd87-3b38e2545478",
                  "parentUUID": null,
                  "isHook": false,
                  "skipped": true
                },
                {
                  "title": "should navigate to Reports",
                  "fullTitle": "08 - Navigation Sidebar Navigation should navigate to Reports",
                  "timedOut": false,
                  "duration": 0,
                  "state": null,
                  "speed": null,
                  "pass": false,
                  "fail": false,
                  "pending": false,
                  "context": null,
                  "code": "await navPage.navigateToReports();\nconst url = await driver.getCurrentUrl();\nexpect(url).to.include('/reports');",
                  "err": {},
                  "uuid": "10f3f08b-be6d-45a3-84d6-8e256a7bd96a",
                  "parentUUID": null,
                  "isHook": false,
                  "skipped": true
                },
                {
                  "title": "should navigate to Settings",
                  "fullTitle": "08 - Navigation Sidebar Navigation should navigate to Settings",
                  "timedOut": false,
                  "duration": 0,
                  "state": null,
                  "speed": null,
                  "pass": false,
                  "fail": false,
                  "pending": false,
                  "context": null,
                  "code": "await navPage.navigateToSettings();\nconst url = await driver.getCurrentUrl();\nexpect(url).to.include('/settings');",
                  "err": {},
                  "uuid": "3a8fbf35-0ec4-492b-ac2d-f9e21b98fe73",
                  "parentUUID": null,
                  "isHook": false,
                  "skipped": true
                },
                {
                  "title": "should highlight the active nav item",
                  "fullTitle": "08 - Navigation Sidebar Navigation should highlight the active nav item",
                  "timedOut": false,
                  "duration": 0,
                  "state": null,
                  "speed": null,
                  "pass": false,
                  "fail": false,
                  "pending": false,
                  "context": null,
                  "code": "await navPage.navigateToDashboard();\nawait WaitHelpers.sleep(500);\nconst activeItem = await navPage.getActiveNavItem();\nexpect(activeItem.toLowerCase()).to.include('dashboard');",
                  "err": {},
                  "uuid": "68343866-4f7a-4169-881b-14d17a55c6db",
                  "parentUUID": null,
                  "isHook": false,
                  "skipped": true
                },
                {
                  "title": "should sign out via sidebar sign-out button",
                  "fullTitle": "08 - Navigation Sidebar Navigation should sign out via sidebar sign-out button",
                  "timedOut": false,
                  "duration": 0,
                  "state": null,
                  "speed": null,
                  "pass": false,
                  "fail": false,
                  "pending": false,
                  "context": null,
                  "code": "await navPage.navigate('/dashboard');\nawait WaitHelpers.sleep(1000);\nawait navPage.signOutFromSidebar();\nconst url = await driver.getCurrentUrl();\nexpect(url).to.include('/welcome');\nisLoggedIn = false;",
                  "err": {},
                  "uuid": "93363967-ee29-4e08-bf1a-fda6395ed5f7",
                  "parentUUID": null,
                  "isHook": false,
                  "skipped": true
                }
              ],
              "suites": [],
              "passes": [],
              "failures": [],
              "pending": [],
              "skipped": [
                "1f255163-5066-4d62-b51e-8fdd2e88fbdd",
                "3f1e80d1-71a3-46ff-a8b8-d676202e84c0",
                "0d8c8f92-31c9-49b7-b6d4-f31f8ffcf547",
                "e3325003-0887-4bd8-b899-555d3434dba7",
                "2dc8fc39-c4d6-4df6-9d49-ca70ae2b8565",
                "3ed95b44-1c94-443c-8cce-3321a003a7de",
                "cfb285d6-ee69-4053-bd87-3b38e2545478",
                "10f3f08b-be6d-45a3-84d6-8e256a7bd96a",
                "3a8fbf35-0ec4-492b-ac2d-f9e21b98fe73",
                "68343866-4f7a-4169-881b-14d17a55c6db",
                "93363967-ee29-4e08-bf1a-fda6395ed5f7"
              ],
              "duration": 0,
              "root": false,
              "rootEmpty": false,
              "_timeout": 90000
            },
            {
              "uuid": "b2cc903e-0039-4bea-a146-c34535b9d68e",
              "title": "Unauthenticated Navigation - Redirect Behavior",
              "fullFile": "D:\\Prophydent\\project 5 (5)\\project 5\\selenium-tests\\tests\\08_navigation.test.js",
              "file": "\\tests\\08_navigation.test.js",
              "beforeHooks": [],
              "afterHooks": [],
              "tests": [
                {
                  "title": "should redirect /dashboard to /welcome when not authenticated",
                  "fullTitle": "08 - Navigation Unauthenticated Navigation - Redirect Behavior should redirect /dashboard to /welcome when not authenticated",
                  "timedOut": false,
                  "duration": 0,
                  "state": null,
                  "speed": null,
                  "pass": false,
                  "fail": false,
                  "pending": false,
                  "context": null,
                  "code": "await navPage.navigate(route);\nawait WaitHelpers.sleep(3000);\nconst url = await driver.getCurrentUrl();\nexpect(url).to.include('/welcome');",
                  "err": {},
                  "uuid": "19dbd1d0-4a32-4b20-bbcd-953274460788",
                  "parentUUID": null,
                  "isHook": false,
                  "skipped": true
                },
                {
                  "title": "should redirect /patients to /welcome when not authenticated",
                  "fullTitle": "08 - Navigation Unauthenticated Navigation - Redirect Behavior should redirect /patients to /welcome when not authenticated",
                  "timedOut": false,
                  "duration": 0,
                  "state": null,
                  "speed": null,
                  "pass": false,
                  "fail": false,
                  "pending": false,
                  "context": null,
                  "code": "await navPage.navigate(route);\nawait WaitHelpers.sleep(3000);\nconst url = await driver.getCurrentUrl();\nexpect(url).to.include('/welcome');",
                  "err": {},
                  "uuid": "6dc35069-9121-4a77-bcef-2d45a77b4655",
                  "parentUUID": null,
                  "isHook": false,
                  "skipped": true
                },
                {
                  "title": "should redirect /analysis to /welcome when not authenticated",
                  "fullTitle": "08 - Navigation Unauthenticated Navigation - Redirect Behavior should redirect /analysis to /welcome when not authenticated",
                  "timedOut": false,
                  "duration": 0,
                  "state": null,
                  "speed": null,
                  "pass": false,
                  "fail": false,
                  "pending": false,
                  "context": null,
                  "code": "await navPage.navigate(route);\nawait WaitHelpers.sleep(3000);\nconst url = await driver.getCurrentUrl();\nexpect(url).to.include('/welcome');",
                  "err": {},
                  "uuid": "a9f380b2-9ce9-4a6f-bd5f-9dcc72d161cd",
                  "parentUUID": null,
                  "isHook": false,
                  "skipped": true
                },
                {
                  "title": "should redirect /reports to /welcome when not authenticated",
                  "fullTitle": "08 - Navigation Unauthenticated Navigation - Redirect Behavior should redirect /reports to /welcome when not authenticated",
                  "timedOut": false,
                  "duration": 0,
                  "state": null,
                  "speed": null,
                  "pass": false,
                  "fail": false,
                  "pending": false,
                  "context": null,
                  "code": "await navPage.navigate(route);\nawait WaitHelpers.sleep(3000);\nconst url = await driver.getCurrentUrl();\nexpect(url).to.include('/welcome');",
                  "err": {},
                  "uuid": "eb105d55-45a1-4bfa-8025-ae89d561a6b2",
                  "parentUUID": null,
                  "isHook": false,
                  "skipped": true
                },
                {
                  "title": "should redirect /settings to /welcome when not authenticated",
                  "fullTitle": "08 - Navigation Unauthenticated Navigation - Redirect Behavior should redirect /settings to /welcome when not authenticated",
                  "timedOut": false,
                  "duration": 0,
                  "state": null,
                  "speed": null,
                  "pass": false,
                  "fail": false,
                  "pending": false,
                  "context": null,
                  "code": "await navPage.navigate(route);\nawait WaitHelpers.sleep(3000);\nconst url = await driver.getCurrentUrl();\nexpect(url).to.include('/welcome');",
                  "err": {},
                  "uuid": "6204fbdd-0afb-43ea-9ba8-1a6b5e001ffe",
                  "parentUUID": null,
                  "isHook": false,
                  "skipped": true
                }
              ],
              "suites": [],
              "passes": [],
              "failures": [],
              "pending": [],
              "skipped": [
                "19dbd1d0-4a32-4b20-bbcd-953274460788",
                "6dc35069-9121-4a77-bcef-2d45a77b4655",
                "a9f380b2-9ce9-4a6f-bd5f-9dcc72d161cd",
                "eb105d55-45a1-4bfa-8025-ae89d561a6b2",
                "6204fbdd-0afb-43ea-9ba8-1a6b5e001ffe"
              ],
              "duration": 0,
              "root": false,
              "rootEmpty": false,
              "_timeout": 90000
            }
          ],
          "passes": [],
          "failures": [],
          "pending": [],
          "skipped": [],
          "duration": 0,
          "root": false,
          "rootEmpty": false,
          "_timeout": 90000
        }
      ],
      "passes": [],
      "failures": [],
      "pending": [],
      "skipped": [],
      "duration": 0,
      "root": true,
      "rootEmpty": true,
      "_timeout": 60000
    }
  ],
  "meta": {
    "mocha": {
      "version": "10.4.0"
    },
    "mochawesome": {
      "options": {
        "quiet": false,
        "reportFilename": "mochawesome",
        "saveHtml": true,
        "saveJson": true,
        "consoleReporter": "spec",
        "useInlineDiffs": false,
        "code": true
      },
      "version": "7.1.3"
    },
    "marge": {
      "options": {
        "[object Object]": true
      },
      "version": "6.2.0"
    }
  }
}